<?xml version="1.0" encoding="UTF-8"?>
<!-- Generated by org.testng.reporters.JUnitXMLReporter -->
<testsuite ignored="0" hostname="DESKTOP-6D0GF2G" failures="0" tests="7" name="Surefire test" time="0.038" errors="0" timestamp="2022-03-28T13:13:22 MESZ">
  <testcase classname="at.ac.fhcampuswien.AppControllerTest" name="getAllNewsBitcoin1" time="0.008"/>
  <testcase classname="at.ac.fhcampuswien.AppControllerTest" name="getAllNewsBitcoin2" time="0.0"/>
  <testcase classname="at.ac.fhcampuswien.AppControllerTest" name="getArticleCount1" time="0.0"/>
  <testcase classname="at.ac.fhcampuswien.AppControllerTest" name="getArticleCount2" time="0.0"/>
  <testcase classname="at.ac.fhcampuswien.AppControllerTest" name="getTopHeadlinesAustria" time="0.001"/>
  <testcase classname="at.ac.fhcampuswien.AppControllerTest" name="setArticles1" time="0.0"/>
  <testcase classname="at.ac.fhcampuswien.AppControllerTest" name="setArticles2" time="0.0"/>
</testsuite> <!-- Surefire test -->
