<?xml version="1.0" encoding="UTF-8"?>
<!-- Generated by org.testng.reporters.JUnitXMLReporter -->
<testsuite ignored="0" hostname="Desktop" failures="0" tests="7" name="Surefire test" time="0.047" errors="0" timestamp="2022-03-28T12:08:23 CEST">
  <testcase classname="at.ac.fhcampuswien.AppControllerTest" name="getAllNewsBitcoin1" time="0.009"/>
  <testcase classname="at.ac.fhcampuswien.AppControllerTest" name="getAllNewsBitcoin2" time="0.0"/>
  <testcase classname="at.ac.fhcampuswien.AppControllerTest" name="getArticleCount1" time="0.0"/>
  <testcase classname="at.ac.fhcampuswien.AppControllerTest" name="getArticleCount2" time="0.0"/>
  <testcase classname="at.ac.fhcampuswien.AppControllerTest" name="getTopHeadlinesAustria" time="0.0"/>
  <testcase classname="at.ac.fhcampuswien.AppControllerTest" name="setArticles1" time="0.001"/>
  <testcase classname="at.ac.fhcampuswien.AppControllerTest" name="setArticles2" time="0.0"/>
</testsuite> <!-- Surefire test -->
