<?xml version="1.0" encoding="UTF-8"?>
<testsuite xmlns:xsi="http://www.w3.org/2001/XMLSchema-instance" xsi:noNamespaceSchemaLocation="https://maven.apache.org/surefire/maven-surefire-plugin/xsd/surefire-test-report.xsd" name="at.ac.fhcampuswien.AppControllerTest" time="0.383" tests="7" errors="0" skipped="0" failures="0">
  <properties>
[...]
</properties>
  <testcase name="getAllNewsBitcoin1" classname="at.ac.fhcampuswien.AppControllerTest" time="0.008"/>
  <testcase name="getAllNewsBitcoin2" classname="at.ac.fhcampuswien.AppControllerTest" time="0"/>
  <testcase name="getArticleCount1" classname="at.ac.fhcampuswien.AppControllerTest" time="0"/>
  <testcase name="getArticleCount2" classname="at.ac.fhcampuswien.AppControllerTest" time="0"/>
  <testcase name="getTopHeadlinesAustria" classname="at.ac.fhcampuswien.AppControllerTest" time="0"/>
  <testcase name="setArticles1" classname="at.ac.fhcampuswien.AppControllerTest" time="0"/>
  <testcase name="setArticles2" classname="at.ac.fhcampuswien.AppControllerTest" time="0"/>
</testsuite>