<?xml version="1.0" encoding="UTF-8"?>
<testng-results ignored="0" total="7" passed="7" failed="0" skipped="0">
  <reporter-output>
  </reporter-output>
  <suite started-at="2022-03-28T13:13:22 MESZ" name="Surefire suite" finished-at="2022-03-28T13:13:22 MESZ" duration-ms="38">
    <groups>
    </groups>
    <test started-at="2022-03-28T13:13:22 MESZ" name="Surefire test" finished-at="2022-03-28T13:13:22 MESZ" duration-ms="38">
      <class name="at.ac.fhcampuswien.AppControllerTest">
        <test-method signature="getAllNewsBitcoin1()[pri:0, instance:at.ac.fhcampuswien.AppControllerTest@58fdd99]" started-at="2022-03-28T13:13:22 MESZ" name="getAllNewsBitcoin1" finished-at="2022-03-28T13:13:22 MESZ" duration-ms="8" status="PASS">
          <reporter-output>
          </reporter-output>
        </test-method> <!-- getAllNewsBitcoin1 -->
        <test-method signature="getAllNewsBitcoin2()[pri:0, instance:at.ac.fhcampuswien.AppControllerTest@58fdd99]" started-at="2022-03-28T13:13:22 MESZ" name="getAllNewsBitcoin2" finished-at="2022-03-28T13:13:22 MESZ" duration-ms="0" status="PASS">
          <reporter-output>
          </reporter-output>
        </test-method> <!-- getAllNewsBitcoin2 -->
        <test-method signature="getArticleCount1()[pri:0, instance:at.ac.fhcampuswien.AppControllerTest@58fdd99]" started-at="2022-03-28T13:13:22 MESZ" name="getArticleCount1" finished-at="2022-03-28T13:13:22 MESZ" duration-ms="0" status="PASS">
          <reporter-output>
          </reporter-output>
        </test-method> <!-- getArticleCount1 -->
        <test-method signature="getTopHeadlinesAustria()[pri:0, instance:at.ac.fhcampuswien.AppControllerTest@58fdd99]" started-at="2022-03-28T13:13:22 MESZ" name="getTopHeadlinesAustria" finished-at="2022-03-28T13:13:22 MESZ" duration-ms="1" status="PASS">
          <reporter-output>
          </reporter-output>
        </test-method> <!-- getTopHeadlinesAustria -->
        <test-method signature="getArticleCount2()[pri:0, instance:at.ac.fhcampuswien.AppControllerTest@58fdd99]" started-at="2022-03-28T13:13:22 MESZ" name="getArticleCount2" finished-at="2022-03-28T13:13:22 MESZ" duration-ms="0" status="PASS">
          <reporter-output>
          </reporter-output>
        </test-method> <!-- getArticleCount2 -->
        <test-method signature="setArticles1()[pri:0, instance:at.ac.fhcampuswien.AppControllerTest@58fdd99]" started-at="2022-03-28T13:13:22 MESZ" name="setArticles1" finished-at="2022-03-28T13:13:22 MESZ" duration-ms="0" status="PASS">
          <reporter-output>
          </reporter-output>
        </test-method> <!-- setArticles1 -->
        <test-method signature="setArticles2()[pri:0, instance:at.ac.fhcampuswien.AppControllerTest@58fdd99]" started-at="2022-03-28T13:13:22 MESZ" name="setArticles2" finished-at="2022-03-28T13:13:22 MESZ" duration-ms="0" status="PASS">
          <reporter-output>
          </reporter-output>
        </test-method> <!-- setArticles2 -->
      </class> <!-- at.ac.fhcampuswien.AppControllerTest -->
    </test> <!-- Surefire test -->
  </suite> <!-- Surefire suite -->
</testng-results>
